<?xml version="1.0" encoding="UTF-8"?>
<!-- Generated by org.testng.reporters.JUnitReportReporter -->
<testsuite hostname="IBM-DOTNET-001" name="Test.TestAPI" tests="2" failures="0" timestamp="24 Jun 2021 08:12:44 GMT" time="4.549" errors="0">
  <testcase name="deleteuser" time="1.712" classname="Test.TestAPI"/>
  <testcase name="getalluser" time="2.837" classname="Test.TestAPI"/>
</testsuite> <!-- Test.TestAPI -->
